2023-04-02 22:18:02.389545 - Initialized conversion of CBT161
2023-04-02 22:18:04.388743 - Received CBT.V504.FILE161.PDS from FILE161.XMI 
2023-04-02 22:18:04.391836 - Found $$PROSE.txt (text/plain) in CBT.V504.FILE161.PDS, moved to PDS/$$PROSE
2023-04-02 22:18:04.393068 - Found $$ZDOC.txt (text/plain) in CBT.V504.FILE161.PDS, moved to PDS/$$ZDOC
2023-04-02 22:18:04.394286 - Found $TOOL#C.txt (text/plain) in CBT.V504.FILE161.PDS, moved to PDS/$TOOL#C
2023-04-02 22:18:04.395434 - Found $TOOL#P.txt (text/plain) in CBT.V504.FILE161.PDS, moved to PDS/$TOOL#P
2023-04-02 22:18:04.396537 - Found @FILE161.txt (text/plain) in CBT.V504.FILE161.PDS, moved to PDS/@FILE161
2023-04-02 22:18:04.397530 - Found @PNL#CI.txt (text/plain) in CBT.V504.FILE161.PDS, moved to PDS/@PNL#CI
2023-04-02 22:18:04.398478 - Found @PNL#PA.txt (text/plain) in CBT.V504.FILE161.PDS, moved to PDS/@PNL#PA
2023-04-02 22:18:04.399468 - Found @PNL#PI.txt (text/plain) in CBT.V504.FILE161.PDS, moved to PDS/@PNL#PI
2023-04-02 22:18:04.400684 - Found @PNL#PK.txt (text/plain) in CBT.V504.FILE161.PDS, moved to PDS/@PNL#PK
2023-04-02 22:18:04.401829 - Found @PNL#PM.txt (text/plain) in CBT.V504.FILE161.PDS, moved to PDS/@PNL#PM
2023-04-02 22:18:04.402913 - Found @PNL#PN.txt (text/plain) in CBT.V504.FILE161.PDS, moved to PDS/@PNL#PN
2023-04-02 22:18:04.404001 - Found @PNL#PS.txt (text/plain) in CBT.V504.FILE161.PDS, moved to PDS/@PNL#PS
2023-04-02 22:18:04.404958 - Found @PNL#PV.txt (text/plain) in CBT.V504.FILE161.PDS, moved to PDS/@PNL#PV
2023-04-02 22:18:04.405915 - Found @PNL#PX.txt (text/plain) in CBT.V504.FILE161.PDS, moved to PDS/@PNL#PX
2023-04-02 22:18:04.406886 - Found ABND#C.txt (text/plain) in CBT.V504.FILE161.PDS, moved to PDS/ABND#C
2023-04-02 22:18:04.407873 - Found ABND#P.txt (text/plain) in CBT.V504.FILE161.PDS, moved to PDS/ABND#P
2023-04-02 22:18:04.408880 - Found ABND#S.txt (text/plain) in CBT.V504.FILE161.PDS, moved to PDS/ABND#S
2023-04-02 22:18:04.409853 - Found ACC#APP.txt (text/plain) in CBT.V504.FILE161.PDS, moved to PDS/ACC#APP
2023-04-02 22:18:04.410994 - Found ACC#DC.txt (text/plain) in CBT.V504.FILE161.PDS, moved to PDS/ACC#DC
2023-04-02 22:18:04.412242 - Found ACC#DP.txt (text/plain) in CBT.V504.FILE161.PDS, moved to PDS/ACC#DP
2023-04-02 22:18:04.413341 - Found ACC#GC.txt (text/plain) in CBT.V504.FILE161.PDS, moved to PDS/ACC#GC
2023-04-02 22:18:04.414363 - Found ACC#GP.txt (text/plain) in CBT.V504.FILE161.PDS, moved to PDS/ACC#GP
2023-04-02 22:18:04.415430 - Found ACC#LC.txt (text/plain) in CBT.V504.FILE161.PDS, moved to PDS/ACC#LC
2023-04-02 22:18:04.416547 - Found ACC#LP.txt (text/plain) in CBT.V504.FILE161.PDS, moved to PDS/ACC#LP
2023-04-02 22:18:04.417568 - Found ACC#MC.txt (text/plain) in CBT.V504.FILE161.PDS, moved to PDS/ACC#MC
2023-04-02 22:18:04.418573 - Found ACC#MP.txt (text/plain) in CBT.V504.FILE161.PDS, moved to PDS/ACC#MP
2023-04-02 22:18:04.419645 - Found ACC#MPA.txt (text/plain) in CBT.V504.FILE161.PDS, moved to PDS/ACC#MPA
2023-04-02 22:18:04.420645 - Found ACC#MPB.txt (text/plain) in CBT.V504.FILE161.PDS, moved to PDS/ACC#MPB
2023-04-02 22:18:04.421568 - Found ACC#MSB.jcl (text/plain) in CBT.V504.FILE161.PDS, moved to PDS/ACC#MSB
2023-04-02 22:18:04.422534 - Found ACC#NC.txt (text/plain) in CBT.V504.FILE161.PDS, moved to PDS/ACC#NC
2023-04-02 22:18:04.423604 - Found ACC#NP.txt (text/plain) in CBT.V504.FILE161.PDS, moved to PDS/ACC#NP
2023-04-02 22:18:04.424632 - Found ACC#NPA.txt (text/plain) in CBT.V504.FILE161.PDS, moved to PDS/ACC#NPA
2023-04-02 22:18:04.425824 - Found ACC#NPB.txt (text/plain) in CBT.V504.FILE161.PDS, moved to PDS/ACC#NPB
2023-04-02 22:18:04.427173 - Found ACC#NSB.jcl (text/plain) in CBT.V504.FILE161.PDS, moved to PDS/ACC#NSB
2023-04-02 22:18:04.428269 - Found ACC#P.txt (text/plain) in CBT.V504.FILE161.PDS, moved to PDS/ACC#P
2023-04-02 22:18:04.429270 - Found ACC#1C.txt (text/plain) in CBT.V504.FILE161.PDS, moved to PDS/ACC#1C
2023-04-02 22:18:04.430374 - Found ACC#1P.txt (text/plain) in CBT.V504.FILE161.PDS, moved to PDS/ACC#1P
2023-04-02 22:18:04.431478 - Found ACC#1PA.txt (text/plain) in CBT.V504.FILE161.PDS, moved to PDS/ACC#1PA
2023-04-02 22:18:04.432454 - Found ACC#1PB.txt (text/plain) in CBT.V504.FILE161.PDS, moved to PDS/ACC#1PB
2023-04-02 22:18:04.433543 - Found ACC#1PC.txt (text/plain) in CBT.V504.FILE161.PDS, moved to PDS/ACC#1PC
2023-04-02 22:18:04.434591 - Found ACC#1SA.jcl (text/plain) in CBT.V504.FILE161.PDS, moved to PDS/ACC#1SA
2023-04-02 22:18:04.435599 - Found ACC#1SB.jcl (text/plain) in CBT.V504.FILE161.PDS, moved to PDS/ACC#1SB
2023-04-02 22:18:04.436676 - Found ACC#1SC.jcl (text/plain) in CBT.V504.FILE161.PDS, moved to PDS/ACC#1SC
2023-04-02 22:18:04.437708 - Found ACC#2C.txt (text/plain) in CBT.V504.FILE161.PDS, moved to PDS/ACC#2C
2023-04-02 22:18:04.438742 - Found ACC#2P.txt (text/plain) in CBT.V504.FILE161.PDS, moved to PDS/ACC#2P
2023-04-02 22:18:04.439719 - Found ACC#2PA.txt (text/plain) in CBT.V504.FILE161.PDS, moved to PDS/ACC#2PA
2023-04-02 22:18:04.440702 - Found ACC#2PB.txt (text/plain) in CBT.V504.FILE161.PDS, moved to PDS/ACC#2PB
2023-04-02 22:18:04.441667 - Found ACC#2PC.txt (text/plain) in CBT.V504.FILE161.PDS, moved to PDS/ACC#2PC
2023-04-02 22:18:04.442550 - Found ACC#2SA.jcl (text/plain) in CBT.V504.FILE161.PDS, moved to PDS/ACC#2SA
2023-04-02 22:18:04.443484 - Found ACC#2SB.jcl (text/plain) in CBT.V504.FILE161.PDS, moved to PDS/ACC#2SB
2023-04-02 22:18:04.444390 - Found ACC#2SC.jcl (text/plain) in CBT.V504.FILE161.PDS, moved to PDS/ACC#2SC
2023-04-02 22:18:04.445256 - Found ACC#3C.txt (text/plain) in CBT.V504.FILE161.PDS, moved to PDS/ACC#3C
2023-04-02 22:18:04.446123 - Found ACC#3P.txt (text/plain) in CBT.V504.FILE161.PDS, moved to PDS/ACC#3P
2023-04-02 22:18:04.447063 - Found ACC#3PA.txt (text/plain) in CBT.V504.FILE161.PDS, moved to PDS/ACC#3PA
2023-04-02 22:18:04.448002 - Found ACC#3PB.txt (text/plain) in CBT.V504.FILE161.PDS, moved to PDS/ACC#3PB
2023-04-02 22:18:04.448945 - Found ACC#3PC.txt (text/plain) in CBT.V504.FILE161.PDS, moved to PDS/ACC#3PC
2023-04-02 22:18:04.449885 - Found ACC#3PV.txt (text/plain) in CBT.V504.FILE161.PDS, moved to PDS/ACC#3PV
2023-04-02 22:18:04.450871 - Found ACC#3SA.jcl (text/plain) in CBT.V504.FILE161.PDS, moved to PDS/ACC#3SA
2023-04-02 22:18:04.451772 - Found ACC#3SB.jcl (text/plain) in CBT.V504.FILE161.PDS, moved to PDS/ACC#3SB
2023-04-02 22:18:04.452627 - Found ACC#3SC.jcl (text/plain) in CBT.V504.FILE161.PDS, moved to PDS/ACC#3SC
2023-04-02 22:18:04.453511 - Found ACC#4C.txt (text/plain) in CBT.V504.FILE161.PDS, moved to PDS/ACC#4C
2023-04-02 22:18:04.454368 - Found ACC#4P.txt (text/plain) in CBT.V504.FILE161.PDS, moved to PDS/ACC#4P
2023-04-02 22:18:04.455320 - Found ACC#5C.txt (text/plain) in CBT.V504.FILE161.PDS, moved to PDS/ACC#5C
2023-04-02 22:18:04.456366 - Found ACC#5P.txt (text/plain) in CBT.V504.FILE161.PDS, moved to PDS/ACC#5P
2023-04-02 22:18:04.457617 - Found ACC#5PV.txt (text/plain) in CBT.V504.FILE161.PDS, moved to PDS/ACC#5PV
2023-04-02 22:18:04.458765 - Found ACC#6C.txt (text/plain) in CBT.V504.FILE161.PDS, moved to PDS/ACC#6C
2023-04-02 22:18:04.459726 - Found ACC#6P.txt (text/plain) in CBT.V504.FILE161.PDS, moved to PDS/ACC#6P
2023-04-02 22:18:04.460723 - Found ACC#7C.txt (text/plain) in CBT.V504.FILE161.PDS, moved to PDS/ACC#7C
2023-04-02 22:18:04.461614 - Found ACC#7P.txt (text/plain) in CBT.V504.FILE161.PDS, moved to PDS/ACC#7P
2023-04-02 22:18:04.462520 - Found ACC#7PV.txt (text/plain) in CBT.V504.FILE161.PDS, moved to PDS/ACC#7PV
2023-04-02 22:18:04.463411 - Found ACC#8C.txt (text/plain) in CBT.V504.FILE161.PDS, moved to PDS/ACC#8C
2023-04-02 22:18:04.464273 - Found ACC#8P.txt (text/plain) in CBT.V504.FILE161.PDS, moved to PDS/ACC#8P
2023-04-02 22:18:04.465163 - Found ACC#9C.txt (text/plain) in CBT.V504.FILE161.PDS, moved to PDS/ACC#9C
2023-04-02 22:18:04.466060 - Found ACC#9P.txt (text/plain) in CBT.V504.FILE161.PDS, moved to PDS/ACC#9P
2023-04-02 22:18:04.467036 - Found ADM#CC.txt (text/plain) in CBT.V504.FILE161.PDS, moved to PDS/ADM#CC
2023-04-02 22:18:04.467989 - Found ADM#C0.txt (text/plain) in CBT.V504.FILE161.PDS, moved to PDS/ADM#C0
2023-04-02 22:18:04.469473 - Found ADM#C1.txt (text/plain) in CBT.V504.FILE161.PDS, moved to PDS/ADM#C1
2023-04-02 22:18:04.470556 - Found ADM#C2.txt (text/plain) in CBT.V504.FILE161.PDS, moved to PDS/ADM#C2
2023-04-02 22:18:04.471580 - Found ADM#C3.txt (text/plain) in CBT.V504.FILE161.PDS, moved to PDS/ADM#C3
2023-04-02 22:18:04.472507 - Found ADM#C4.txt (text/plain) in CBT.V504.FILE161.PDS, moved to PDS/ADM#C4
2023-04-02 22:18:04.473565 - Found ADM#C5.txt (text/plain) in CBT.V504.FILE161.PDS, moved to PDS/ADM#C5
2023-04-02 22:18:04.474753 - Found ADM#C6.txt (text/plain) in CBT.V504.FILE161.PDS, moved to PDS/ADM#C6
2023-04-02 22:18:04.475691 - Found ADM#C7.txt (text/plain) in CBT.V504.FILE161.PDS, moved to PDS/ADM#C7
2023-04-02 22:18:04.476737 - Found ADM#C8.txt (text/plain) in CBT.V504.FILE161.PDS, moved to PDS/ADM#C8
2023-04-02 22:18:04.477714 - Found ADM#C9.txt (text/plain) in CBT.V504.FILE161.PDS, moved to PDS/ADM#C9
2023-04-02 22:18:04.478630 - Found ADM#P.txt (text/plain) in CBT.V504.FILE161.PDS, moved to PDS/ADM#P
2023-04-02 22:18:04.479668 - Found ADM#PT0.txt (text/plain) in CBT.V504.FILE161.PDS, moved to PDS/ADM#PT0
2023-04-02 22:18:04.480701 - Found ADM#PT1.txt (text/plain) in CBT.V504.FILE161.PDS, moved to PDS/ADM#PT1
2023-04-02 22:18:04.481609 - Found ADM#PT2.txt (text/plain) in CBT.V504.FILE161.PDS, moved to PDS/ADM#PT2
2023-04-02 22:18:04.482515 - Found ADM#PT3.txt (text/plain) in CBT.V504.FILE161.PDS, moved to PDS/ADM#PT3
2023-04-02 22:18:04.483482 - Found ADM#PT4.txt (text/plain) in CBT.V504.FILE161.PDS, moved to PDS/ADM#PT4
2023-04-02 22:18:04.484354 - Found ADM#P1.txt (text/plain) in CBT.V504.FILE161.PDS, moved to PDS/ADM#P1
2023-04-02 22:18:04.485294 - Found ADM#P1A.txt (text/plain) in CBT.V504.FILE161.PDS, moved to PDS/ADM#P1A
2023-04-02 22:18:04.486190 - Found AMB#C.txt (text/plain) in CBT.V504.FILE161.PDS, moved to PDS/AMB#C
2023-04-02 22:18:04.487231 - Found AMB#P.txt (text/plain) in CBT.V504.FILE161.PDS, moved to PDS/AMB#P
2023-04-02 22:18:04.488217 - Found AMB#S1.txt (text/plain) in CBT.V504.FILE161.PDS, moved to PDS/AMB#S1
2023-04-02 22:18:04.489162 - Found ASMH#C.txt (text/plain) in CBT.V504.FILE161.PDS, moved to PDS/ASMH#C
2023-04-02 22:18:04.490041 - Found ASMH#P.txt (text/plain) in CBT.V504.FILE161.PDS, moved to PDS/ASMH#P
2023-04-02 22:18:04.491004 - Found CAL#C.txt (text/plain) in CBT.V504.FILE161.PDS, moved to PDS/CAL#C
2023-04-02 22:18:04.491903 - Found CAL#P.txt (text/plain) in CBT.V504.FILE161.PDS, moved to PDS/CAL#P
2023-04-02 22:18:04.492807 - Found CALC#C.txt (text/plain) in CBT.V504.FILE161.PDS, moved to PDS/CALC#C
2023-04-02 22:18:04.493805 - Found CALEND#C.rexx (text/plain) in CBT.V504.FILE161.PDS, moved to PDS/CALEND#C
2023-04-02 22:18:04.494773 - Found CMD#CB.txt (text/plain) in CBT.V504.FILE161.PDS, moved to PDS/CMD#CB
2023-04-02 22:18:04.495712 - Found CMD#PB.txt (text/plain) in CBT.V504.FILE161.PDS, moved to PDS/CMD#PB
2023-04-02 22:18:04.496673 - Found CMD#SB.txt (text/plain) in CBT.V504.FILE161.PDS, moved to PDS/CMD#SB
2023-04-02 22:18:04.497636 - Found CNTI#C.txt (text/plain) in CBT.V504.FILE161.PDS, moved to PDS/CNTI#C
2023-04-02 22:18:04.499093 - Found CNTI#P.txt (text/plain) in CBT.V504.FILE161.PDS, moved to PDS/CNTI#P
2023-04-02 22:18:04.500076 - Found COBMVS#C.txt (text/plain) in CBT.V504.FILE161.PDS, moved to PDS/COBMVS#C
2023-04-02 22:18:04.501071 - Found COBMVS#P.txt (text/plain) in CBT.V504.FILE161.PDS, moved to PDS/COBMVS#P
2023-04-02 22:18:04.502204 - Found COBOL#C.txt (text/plain) in CBT.V504.FILE161.PDS, moved to PDS/COBOL#C
2023-04-02 22:18:04.503357 - Found COBOL#P.txt (text/plain) in CBT.V504.FILE161.PDS, moved to PDS/COBOL#P
2023-04-02 22:18:04.504279 - Found COB2#C.txt (text/plain) in CBT.V504.FILE161.PDS, moved to PDS/COB2#C
2023-04-02 22:18:04.505209 - Found COB2#P.txt (text/plain) in CBT.V504.FILE161.PDS, moved to PDS/COB2#P
2023-04-02 22:18:04.506119 - Found COMPR#C.txt (text/plain) in CBT.V504.FILE161.PDS, moved to PDS/COMPR#C
2023-04-02 22:18:04.507143 - Found COMPR#P.txt (text/plain) in CBT.V504.FILE161.PDS, moved to PDS/COMPR#P
2023-04-02 22:18:04.508129 - Found COPYS#C.txt (text/plain) in CBT.V504.FILE161.PDS, moved to PDS/COPYS#C
2023-04-02 22:18:04.509112 - Found COPYS#P.txt (text/plain) in CBT.V504.FILE161.PDS, moved to PDS/COPYS#P
2023-04-02 22:18:04.510127 - Found COUNT#C.txt (text/plain) in CBT.V504.FILE161.PDS, moved to PDS/COUNT#C
2023-04-02 22:18:04.511126 - Found COUNT#P.txt (text/plain) in CBT.V504.FILE161.PDS, moved to PDS/COUNT#P
2023-04-02 22:18:04.512198 - Found COUNTI.txt (text/plain) in CBT.V504.FILE161.PDS, moved to PDS/COUNTI
2023-04-02 22:18:04.513396 - Found CUTC01.txt (text/plain) in CBT.V504.FILE161.PDS, moved to PDS/CUTC01
2023-04-02 22:18:04.514417 - Found CUTC02.txt (text/plain) in CBT.V504.FILE161.PDS, moved to PDS/CUTC02
2023-04-02 22:18:04.515429 - Found CUTDOC.txt (text/plain) in CBT.V504.FILE161.PDS, moved to PDS/CUTDOC
2023-04-02 22:18:04.516557 - Found CUTD01.txt (text/plain) in CBT.V504.FILE161.PDS, moved to PDS/CUTD01
2023-04-02 22:18:04.517663 - Found CUTD02.txt (text/plain) in CBT.V504.FILE161.PDS, moved to PDS/CUTD02
2023-04-02 22:18:04.518793 - Found CUTH01.txt (text/plain) in CBT.V504.FILE161.PDS, moved to PDS/CUTH01
2023-04-02 22:18:04.519730 - Found CUTH02.txt (text/plain) in CBT.V504.FILE161.PDS, moved to PDS/CUTH02
2023-04-02 22:18:04.520681 - Found CUTJ01.jcl (text/plain) in CBT.V504.FILE161.PDS, moved to PDS/CUTJ01
2023-04-02 22:18:04.521609 - Found CUTJ02.jcl (text/plain) in CBT.V504.FILE161.PDS, moved to PDS/CUTJ02
2023-04-02 22:18:04.522608 - Found CUTL01.txt (text/plain) in CBT.V504.FILE161.PDS, moved to PDS/CUTL01
2023-04-02 22:18:04.523739 - Found CUTL02.txt (text/plain) in CBT.V504.FILE161.PDS, moved to PDS/CUTL02
2023-04-02 22:18:04.524805 - Found CVD#C.txt (text/plain) in CBT.V504.FILE161.PDS, moved to PDS/CVD#C
2023-04-02 22:18:04.525909 - Found CVD#P.txt (text/plain) in CBT.V504.FILE161.PDS, moved to PDS/CVD#P
2023-04-02 22:18:04.526874 - Found CVDI#C.txt (text/plain) in CBT.V504.FILE161.PDS, moved to PDS/CVDI#C
2023-04-02 22:18:04.527922 - Found CVDI#P.txt (text/plain) in CBT.V504.FILE161.PDS, moved to PDS/CVDI#P
2023-04-02 22:18:04.528862 - Found CVDISPF.txt (text/plain) in CBT.V504.FILE161.PDS, moved to PDS/CVDISPF
2023-04-02 22:18:04.529789 - Found CVDISPF$.txt (text/plain) in CBT.V504.FILE161.PDS, moved to PDS/CVDISPF$
2023-04-02 22:18:04.530800 - Found CVX#C.txt (text/plain) in CBT.V504.FILE161.PDS, moved to PDS/CVX#C
2023-04-02 22:18:04.531760 - Found CVX#P.txt (text/plain) in CBT.V504.FILE161.PDS, moved to PDS/CVX#P
2023-04-02 22:18:04.532828 - Found CVXI#C.txt (text/plain) in CBT.V504.FILE161.PDS, moved to PDS/CVXI#C
2023-04-02 22:18:04.533839 - Found CVXI#P.txt (text/plain) in CBT.V504.FILE161.PDS, moved to PDS/CVXI#P
2023-04-02 22:18:04.534797 - Found CVXISPF.txt (text/plain) in CBT.V504.FILE161.PDS, moved to PDS/CVXISPF
2023-04-02 22:18:04.535701 - Found CVXISPF$.txt (text/plain) in CBT.V504.FILE161.PDS, moved to PDS/CVXISPF$
2023-04-02 22:18:04.536592 - Found DATE#C.txt (text/plain) in CBT.V504.FILE161.PDS, moved to PDS/DATE#C
2023-04-02 22:18:04.537510 - Found DEFA#C.txt (text/plain) in CBT.V504.FILE161.PDS, moved to PDS/DEFA#C
2023-04-02 22:18:04.538484 - Found DEFA#P.txt (text/plain) in CBT.V504.FILE161.PDS, moved to PDS/DEFA#P
2023-04-02 22:18:04.539455 - Found DEFA#S.txt (text/plain) in CBT.V504.FILE161.PDS, moved to PDS/DEFA#S
2023-04-02 22:18:04.540783 - Found DELA#C.txt (text/plain) in CBT.V504.FILE161.PDS, moved to PDS/DELA#C
2023-04-02 22:18:04.541986 - Found DELA#P.txt (text/plain) in CBT.V504.FILE161.PDS, moved to PDS/DELA#P
2023-04-02 22:18:04.543129 - Found DELA#S.txt (text/plain) in CBT.V504.FILE161.PDS, moved to PDS/DELA#S
2023-04-02 22:18:04.544237 - Found EDITMAC.txt (text/plain) in CBT.V504.FILE161.PDS, moved to PDS/EDITMAC
2023-04-02 22:18:04.545197 - Found FORT#C.txt (text/plain) in CBT.V504.FILE161.PDS, moved to PDS/FORT#C
2023-04-02 22:18:04.546128 - Found FORT#P.txt (text/plain) in CBT.V504.FILE161.PDS, moved to PDS/FORT#P
2023-04-02 22:18:04.547195 - Found FORT#S.txt (text/plain) in CBT.V504.FILE161.PDS, moved to PDS/FORT#S
2023-04-02 22:18:04.548174 - Found FORTX#C.txt (text/plain) in CBT.V504.FILE161.PDS, moved to PDS/FORTX#C
2023-04-02 22:18:04.549208 - Found FORTX#P.txt (text/plain) in CBT.V504.FILE161.PDS, moved to PDS/FORTX#P
2023-04-02 22:18:04.550180 - Found FORTX#S.txt (text/plain) in CBT.V504.FILE161.PDS, moved to PDS/FORTX#S
2023-04-02 22:18:04.551140 - Found FREEA#C.txt (text/plain) in CBT.V504.FILE161.PDS, moved to PDS/FREEA#C
2023-04-02 22:18:04.552100 - Found HLASM.txt (text/plain) in CBT.V504.FILE161.PDS, moved to PDS/HLASM
2023-04-02 22:18:04.553148 - Found HLASM$.txt (text/plain) in CBT.V504.FILE161.PDS, moved to PDS/HLASM$
2023-04-02 22:18:04.554500 - Found HLASM#C.txt (text/plain) in CBT.V504.FILE161.PDS, moved to PDS/HLASM#C
2023-04-02 22:18:04.555514 - Found HLASM#P.txt (text/plain) in CBT.V504.FILE161.PDS, moved to PDS/HLASM#P
2023-04-02 22:18:04.556668 - Found IDT#C.txt (text/plain) in CBT.V504.FILE161.PDS, moved to PDS/IDT#C
2023-04-02 22:18:04.557627 - Found IDT#C0.txt (text/plain) in CBT.V504.FILE161.PDS, moved to PDS/IDT#C0
2023-04-02 22:18:04.558540 - Found IDT#C1.txt (text/plain) in CBT.V504.FILE161.PDS, moved to PDS/IDT#C1
2023-04-02 22:18:04.559629 - Found IDT#C2.txt (text/plain) in CBT.V504.FILE161.PDS, moved to PDS/IDT#C2
2023-04-02 22:18:04.560659 - Found IDT#C3.txt (text/plain) in CBT.V504.FILE161.PDS, moved to PDS/IDT#C3
2023-04-02 22:18:04.561612 - Found IDT#C4.txt (text/plain) in CBT.V504.FILE161.PDS, moved to PDS/IDT#C4
2023-04-02 22:18:04.562550 - Found IDT#C5.txt (text/plain) in CBT.V504.FILE161.PDS, moved to PDS/IDT#C5
2023-04-02 22:18:04.563494 - Found IDT#C6.txt (text/plain) in CBT.V504.FILE161.PDS, moved to PDS/IDT#C6
2023-04-02 22:18:04.564546 - Found IDT#C7.txt (text/plain) in CBT.V504.FILE161.PDS, moved to PDS/IDT#C7
2023-04-02 22:18:04.565583 - Found IDT#C8.txt (text/plain) in CBT.V504.FILE161.PDS, moved to PDS/IDT#C8
2023-04-02 22:18:04.566484 - Found IDT#P.txt (text/plain) in CBT.V504.FILE161.PDS, moved to PDS/IDT#P
2023-04-02 22:18:04.567498 - Found IDT#PT.txt (text/plain) in CBT.V504.FILE161.PDS, moved to PDS/IDT#PT
2023-04-02 22:18:04.568404 - Found IDT#PTIA.txt (text/plain) in CBT.V504.FILE161.PDS, moved to PDS/IDT#PTIA
2023-04-02 22:18:04.569482 - Found IDT#PTIB.txt (text/plain) in CBT.V504.FILE161.PDS, moved to PDS/IDT#PTIB
2023-04-02 22:18:04.570418 - Found IDT#PTIC.txt (text/plain) in CBT.V504.FILE161.PDS, moved to PDS/IDT#PTIC
2023-04-02 22:18:04.571412 - Found IDT#PTID.txt (text/plain) in CBT.V504.FILE161.PDS, moved to PDS/IDT#PTID
2023-04-02 22:18:04.572352 - Found IDT#PTIE.txt (text/plain) in CBT.V504.FILE161.PDS, moved to PDS/IDT#PTIE
2023-04-02 22:18:04.573317 - Found IDT#PTJ.txt (text/plain) in CBT.V504.FILE161.PDS, moved to PDS/IDT#PTJ
2023-04-02 22:18:04.574717 - Found IDT#PTJA.txt (text/plain) in CBT.V504.FILE161.PDS, moved to PDS/IDT#PTJA
2023-04-02 22:18:04.575870 - Found IDT#PTJB.txt (text/plain) in CBT.V504.FILE161.PDS, moved to PDS/IDT#PTJB
2023-04-02 22:18:04.576836 - Found IDT#PTJC.txt (text/plain) in CBT.V504.FILE161.PDS, moved to PDS/IDT#PTJC
2023-04-02 22:18:04.577737 - Found IDT#PTJD.txt (text/plain) in CBT.V504.FILE161.PDS, moved to PDS/IDT#PTJD
2023-04-02 22:18:04.578679 - Found IDT#PTJE.txt (text/plain) in CBT.V504.FILE161.PDS, moved to PDS/IDT#PTJE
2023-04-02 22:18:04.579810 - Found IDT#PTNA.txt (text/plain) in CBT.V504.FILE161.PDS, moved to PDS/IDT#PTNA
2023-04-02 22:18:04.580878 - Found IDT#PTNB.txt (text/plain) in CBT.V504.FILE161.PDS, moved to PDS/IDT#PTNB
2023-04-02 22:18:04.581749 - Found IDT#PTNC.txt (text/plain) in CBT.V504.FILE161.PDS, moved to PDS/IDT#PTNC
2023-04-02 22:18:04.582628 - Found IDT#PTND.txt (text/plain) in CBT.V504.FILE161.PDS, moved to PDS/IDT#PTND
2023-04-02 22:18:04.583579 - Found IDT#PTNE.txt (text/plain) in CBT.V504.FILE161.PDS, moved to PDS/IDT#PTNE
2023-04-02 22:18:04.584792 - Found IDT#PTNF.txt (text/plain) in CBT.V504.FILE161.PDS, moved to PDS/IDT#PTNF
2023-04-02 22:18:04.585935 - Found IDT#PTNG.txt (text/plain) in CBT.V504.FILE161.PDS, moved to PDS/IDT#PTNG
2023-04-02 22:18:04.586915 - Found IDT#PTNH.txt (text/plain) in CBT.V504.FILE161.PDS, moved to PDS/IDT#PTNH
2023-04-02 22:18:04.587939 - Found IDT#PTNI.txt (text/plain) in CBT.V504.FILE161.PDS, moved to PDS/IDT#PTNI
2023-04-02 22:18:04.588914 - Found IDT#PTNJ.txt (text/plain) in CBT.V504.FILE161.PDS, moved to PDS/IDT#PTNJ
2023-04-02 22:18:04.589825 - Found IDT#PTNK.txt (text/plain) in CBT.V504.FILE161.PDS, moved to PDS/IDT#PTNK
2023-04-02 22:18:04.590827 - Found IDT#PTNL.txt (text/plain) in CBT.V504.FILE161.PDS, moved to PDS/IDT#PTNL
2023-04-02 22:18:04.592171 - Found IDT#PTNM.txt (text/plain) in CBT.V504.FILE161.PDS, moved to PDS/IDT#PTNM
2023-04-02 22:18:04.593209 - Found IDT#PTRA.txt (text/plain) in CBT.V504.FILE161.PDS, moved to PDS/IDT#PTRA
2023-04-02 22:18:04.594137 - Found IDT#PTRB.txt (text/plain) in CBT.V504.FILE161.PDS, moved to PDS/IDT#PTRB
2023-04-02 22:18:04.595116 - Found IDT#PTRC.txt (text/plain) in CBT.V504.FILE161.PDS, moved to PDS/IDT#PTRC
2023-04-02 22:18:04.596249 - Found IDT#PTRD.txt (text/plain) in CBT.V504.FILE161.PDS, moved to PDS/IDT#PTRD
2023-04-02 22:18:04.597349 - Found IDT#PTRE.txt (text/plain) in CBT.V504.FILE161.PDS, moved to PDS/IDT#PTRE
2023-04-02 22:18:04.598350 - Found IDT#PTRF.txt (text/plain) in CBT.V504.FILE161.PDS, moved to PDS/IDT#PTRF
2023-04-02 22:18:04.599449 - Found IDT#PTRG.txt (text/plain) in CBT.V504.FILE161.PDS, moved to PDS/IDT#PTRG
2023-04-02 22:18:04.600580 - Found IDT#PTRH.txt (text/plain) in CBT.V504.FILE161.PDS, moved to PDS/IDT#PTRH
2023-04-02 22:18:04.601600 - Found IDT#PTRI.txt (text/plain) in CBT.V504.FILE161.PDS, moved to PDS/IDT#PTRI
2023-04-02 22:18:04.602571 - Found IDT#PTRJ.txt (text/plain) in CBT.V504.FILE161.PDS, moved to PDS/IDT#PTRJ
2023-04-02 22:18:04.603610 - Found IDT#PTRK.txt (text/plain) in CBT.V504.FILE161.PDS, moved to PDS/IDT#PTRK
2023-04-02 22:18:04.604506 - Found IDT#PTRL.txt (text/plain) in CBT.V504.FILE161.PDS, moved to PDS/IDT#PTRL
2023-04-02 22:18:04.605503 - Found IDT#PTXA.txt (text/plain) in CBT.V504.FILE161.PDS, moved to PDS/IDT#PTXA
2023-04-02 22:18:04.606477 - Found IDT#PTXB.txt (text/plain) in CBT.V504.FILE161.PDS, moved to PDS/IDT#PTXB
2023-04-02 22:18:04.607843 - Found IDT#PTXC.txt (text/plain) in CBT.V504.FILE161.PDS, moved to PDS/IDT#PTXC
2023-04-02 22:18:04.608799 - Found IDT#PTXD.txt (text/plain) in CBT.V504.FILE161.PDS, moved to PDS/IDT#PTXD
2023-04-02 22:18:04.609826 - Found IDT#PTXE.txt (text/plain) in CBT.V504.FILE161.PDS, moved to PDS/IDT#PTXE
2023-04-02 22:18:04.610786 - Found IDT#PTXF.txt (text/plain) in CBT.V504.FILE161.PDS, moved to PDS/IDT#PTXF
2023-04-02 22:18:04.611965 - Found IDT#PTXG.txt (text/plain) in CBT.V504.FILE161.PDS, moved to PDS/IDT#PTXG
2023-04-02 22:18:04.612953 - Found IDT#PTXH.txt (text/plain) in CBT.V504.FILE161.PDS, moved to PDS/IDT#PTXH
2023-04-02 22:18:04.613893 - Found IDT#PTXI.txt (text/plain) in CBT.V504.FILE161.PDS, moved to PDS/IDT#PTXI
2023-04-02 22:18:04.614880 - Found IDT#PTXJ.txt (text/plain) in CBT.V504.FILE161.PDS, moved to PDS/IDT#PTXJ
2023-04-02 22:18:04.616127 - Found IDT#PTXK.txt (text/plain) in CBT.V504.FILE161.PDS, moved to PDS/IDT#PTXK
2023-04-02 22:18:04.617187 - Found IDT#PTXL.txt (text/plain) in CBT.V504.FILE161.PDS, moved to PDS/IDT#PTXL
2023-04-02 22:18:04.618283 - Found IDT#PTXM.txt (text/plain) in CBT.V504.FILE161.PDS, moved to PDS/IDT#PTXM
2023-04-02 22:18:04.619329 - Found IDT#PTXN.txt (text/plain) in CBT.V504.FILE161.PDS, moved to PDS/IDT#PTXN
2023-04-02 22:18:04.620352 - Found IDT#PTXO.txt (text/plain) in CBT.V504.FILE161.PDS, moved to PDS/IDT#PTXO
2023-04-02 22:18:04.621283 - Found IDT#PTXP.txt (text/plain) in CBT.V504.FILE161.PDS, moved to PDS/IDT#PTXP
2023-04-02 22:18:04.622299 - Found IDT#PTXQ.txt (text/plain) in CBT.V504.FILE161.PDS, moved to PDS/IDT#PTXQ
2023-04-02 22:18:04.623296 - Found IDT#PTXR.txt (text/plain) in CBT.V504.FILE161.PDS, moved to PDS/IDT#PTXR
2023-04-02 22:18:04.624411 - Found IDT#PT1A.txt (text/plain) in CBT.V504.FILE161.PDS, moved to PDS/IDT#PT1A
2023-04-02 22:18:04.625402 - Found IDT#PT2A.txt (text/plain) in CBT.V504.FILE161.PDS, moved to PDS/IDT#PT2A
2023-04-02 22:18:04.626357 - Found IDT#PT2B.txt (text/plain) in CBT.V504.FILE161.PDS, moved to PDS/IDT#PT2B
2023-04-02 22:18:04.627292 - Found IDT#P0.txt (text/plain) in CBT.V504.FILE161.PDS, moved to PDS/IDT#P0
2023-04-02 22:18:04.628324 - Found IDT#P1.txt (text/plain) in CBT.V504.FILE161.PDS, moved to PDS/IDT#P1
2023-04-02 22:18:04.629336 - Found IDT#P2.txt (text/plain) in CBT.V504.FILE161.PDS, moved to PDS/IDT#P2
2023-04-02 22:18:04.630378 - Found IDT#P3.txt (text/plain) in CBT.V504.FILE161.PDS, moved to PDS/IDT#P3
2023-04-02 22:18:04.631626 - Found IDT#P4.txt (text/plain) in CBT.V504.FILE161.PDS, moved to PDS/IDT#P4
2023-04-02 22:18:04.632704 - Found IDT#P5.txt (text/plain) in CBT.V504.FILE161.PDS, moved to PDS/IDT#P5
2023-04-02 22:18:04.633788 - Found IDT#P7.txt (text/plain) in CBT.V504.FILE161.PDS, moved to PDS/IDT#P7
2023-04-02 22:18:04.634798 - Found IDT#P8.txt (text/plain) in CBT.V504.FILE161.PDS, moved to PDS/IDT#P8
2023-04-02 22:18:04.635865 - Found ISG@MSTR.txt (text/plain) in CBT.V504.FILE161.PDS, moved to PDS/ISG@MSTR
2023-04-02 22:18:04.637002 - Found ISR@PRIM.txt (text/plain) in CBT.V504.FILE161.PDS, moved to PDS/ISR@PRIM
2023-04-02 22:18:04.638294 - Found JUL#C.txt (text/plain) in CBT.V504.FILE161.PDS, moved to PDS/JUL#C
2023-04-02 22:18:04.639559 - Found JUL#P.txt (text/plain) in CBT.V504.FILE161.PDS, moved to PDS/JUL#P
2023-04-02 22:18:04.640732 - Found JULISPF.txt (text/plain) in CBT.V504.FILE161.PDS, moved to PDS/JULISPF
2023-04-02 22:18:04.641918 - Found JULISPF$.txt (text/plain) in CBT.V504.FILE161.PDS, moved to PDS/JULISPF$
2023-04-02 22:18:04.643096 - Found LASTI#C.txt (text/plain) in CBT.V504.FILE161.PDS, moved to PDS/LASTI#C
2023-04-02 22:18:04.644214 - Found LASTI#P.txt (text/plain) in CBT.V504.FILE161.PDS, moved to PDS/LASTI#P
2023-04-02 22:18:04.645295 - Found LASTIPL.txt (text/plain) in CBT.V504.FILE161.PDS, moved to PDS/LASTIPL
2023-04-02 22:18:04.646323 - Found LASTIPL$.txt (text/plain) in CBT.V504.FILE161.PDS, moved to PDS/LASTIPL$
2023-04-02 22:18:04.647404 - Found LISTC#C.txt (text/plain) in CBT.V504.FILE161.PDS, moved to PDS/LISTC#C
2023-04-02 22:18:04.648615 - Found LISTC#P.txt (text/plain) in CBT.V504.FILE161.PDS, moved to PDS/LISTC#P
2023-04-02 22:18:04.649710 - Found LISTC#S.txt (text/plain) in CBT.V504.FILE161.PDS, moved to PDS/LISTC#S
2023-04-02 22:18:04.650860 - Found LM#C.txt (text/plain) in CBT.V504.FILE161.PDS, moved to PDS/LM#C
2023-04-02 22:18:04.651927 - Found LM#P.txt (text/plain) in CBT.V504.FILE161.PDS, moved to PDS/LM#P
2023-04-02 22:18:04.653140 - Found MEMB#C.txt (text/plain) in CBT.V504.FILE161.PDS, moved to PDS/MEMB#C
2023-04-02 22:18:04.654326 - Found MEMB#P.txt (text/plain) in CBT.V504.FILE161.PDS, moved to PDS/MEMB#P
2023-04-02 22:18:04.655413 - Found NEWS#C.txt (text/plain) in CBT.V504.FILE161.PDS, moved to PDS/NEWS#C
2023-04-02 22:18:04.656423 - Found NEWS#P.txt (text/plain) in CBT.V504.FILE161.PDS, moved to PDS/NEWS#P
2023-04-02 22:18:04.657488 - Found NEWS#S.txt (text/plain) in CBT.V504.FILE161.PDS, moved to PDS/NEWS#S
2023-04-02 22:18:04.658535 - Found NFLE#C.txt (text/plain) in CBT.V504.FILE161.PDS, moved to PDS/NFLE#C
2023-04-02 22:18:04.659574 - Found NFLE#PT.txt (text/plain) in CBT.V504.FILE161.PDS, moved to PDS/NFLE#PT
2023-04-02 22:18:04.660730 - Found NFLE#P1.txt (text/plain) in CBT.V504.FILE161.PDS, moved to PDS/NFLE#P1
2023-04-02 22:18:04.661869 - Found NFLE#S.txt (text/plain) in CBT.V504.FILE161.PDS, moved to PDS/NFLE#S
2023-04-02 22:18:04.663012 - Found NPRT#C.txt (text/plain) in CBT.V504.FILE161.PDS, moved to PDS/NPRT#C
2023-04-02 22:18:04.664056 - Found NPRT#PT.txt (text/plain) in CBT.V504.FILE161.PDS, moved to PDS/NPRT#PT
2023-04-02 22:18:04.665057 - Found NPRT#P1.txt (text/plain) in CBT.V504.FILE161.PDS, moved to PDS/NPRT#P1
2023-04-02 22:18:04.666040 - Found NPRT#S.txt (text/plain) in CBT.V504.FILE161.PDS, moved to PDS/NPRT#S
2023-04-02 22:18:04.667120 - Found NPUN#C.txt (text/plain) in CBT.V504.FILE161.PDS, moved to PDS/NPUN#C
2023-04-02 22:18:04.668035 - Found NPUN#PT.txt (text/plain) in CBT.V504.FILE161.PDS, moved to PDS/NPUN#PT
2023-04-02 22:18:04.668927 - Found NPUN#P1.txt (text/plain) in CBT.V504.FILE161.PDS, moved to PDS/NPUN#P1
2023-04-02 22:18:04.669814 - Found NPUN#S.txt (text/plain) in CBT.V504.FILE161.PDS, moved to PDS/NPUN#S
2023-04-02 22:18:04.670895 - Found NPUN00.txt (text/plain) in CBT.V504.FILE161.PDS, moved to PDS/NPUN00
2023-04-02 22:18:04.671969 - Found OBSL#C.txt (text/plain) in CBT.V504.FILE161.PDS, moved to PDS/OBSL#C
2023-04-02 22:18:04.673019 - Found OBSL#P.txt (text/plain) in CBT.V504.FILE161.PDS, moved to PDS/OBSL#P
2023-04-02 22:18:04.673973 - Found OMEG#C.txt (text/plain) in CBT.V504.FILE161.PDS, moved to PDS/OMEG#C
2023-04-02 22:18:04.674923 - Found OMEG#P.txt (text/plain) in CBT.V504.FILE161.PDS, moved to PDS/OMEG#P
2023-04-02 22:18:04.675972 - Found OMEG#S.txt (text/plain) in CBT.V504.FILE161.PDS, moved to PDS/OMEG#S
2023-04-02 22:18:04.676950 - Found PHIX#C.txt (text/plain) in CBT.V504.FILE161.PDS, moved to PDS/PHIX#C
2023-04-02 22:18:04.677841 - Found PRINT#C.txt (text/plain) in CBT.V504.FILE161.PDS, moved to PDS/PRINT#C
2023-04-02 22:18:04.678785 - Found PRINT#P.txt (text/plain) in CBT.V504.FILE161.PDS, moved to PDS/PRINT#P
2023-04-02 22:18:04.679869 - Found PRINT#S.txt (text/plain) in CBT.V504.FILE161.PDS, moved to PDS/PRINT#S
2023-04-02 22:18:04.680861 - Found PRT#C.txt (text/plain) in CBT.V504.FILE161.PDS, moved to PDS/PRT#C
2023-04-02 22:18:04.682072 - Found PRT#P.txt (text/plain) in CBT.V504.FILE161.PDS, moved to PDS/PRT#P
2023-04-02 22:18:04.683177 - Found SADSYSP.txt (text/plain) in CBT.V504.FILE161.PDS, moved to PDS/SADSYSP
2023-04-02 22:18:04.684152 - Found SADTSOP.txt (text/plain) in CBT.V504.FILE161.PDS, moved to PDS/SADTSOP
2023-04-02 22:18:04.685156 - Found SADUTLP.txt (text/plain) in CBT.V504.FILE161.PDS, moved to PDS/SADUTLP
2023-04-02 22:18:04.686137 - Found SEND#C.txt (text/plain) in CBT.V504.FILE161.PDS, moved to PDS/SEND#C
2023-04-02 22:18:04.687284 - Found SEND#P.txt (text/plain) in CBT.V504.FILE161.PDS, moved to PDS/SEND#P
2023-04-02 22:18:04.688367 - Found SLSS##PR.txt (text/plain) in CBT.V504.FILE161.PDS, moved to PDS/SLSS##PR
2023-04-02 22:18:04.689475 - Found SLSS#C.txt (text/plain) in CBT.V504.FILE161.PDS, moved to PDS/SLSS#C
2023-04-02 22:18:04.690564 - Found SLSS#P.txt (text/plain) in CBT.V504.FILE161.PDS, moved to PDS/SLSS#P
2023-04-02 22:18:04.691770 - Found SLSS#PA.txt (text/plain) in CBT.V504.FILE161.PDS, moved to PDS/SLSS#PA
2023-04-02 22:18:04.692731 - Found SLSS#PP.txt (text/plain) in CBT.V504.FILE161.PDS, moved to PDS/SLSS#PP
2023-04-02 22:18:04.693805 - Found SLSS#PS.txt (text/plain) in CBT.V504.FILE161.PDS, moved to PDS/SLSS#PS
2023-04-02 22:18:04.694831 - Found SLSS#PT1.txt (text/plain) in CBT.V504.FILE161.PDS, moved to PDS/SLSS#PT1
2023-04-02 22:18:04.695804 - Found SLSS#PT2.txt (text/plain) in CBT.V504.FILE161.PDS, moved to PDS/SLSS#PT2
2023-04-02 22:18:04.696763 - Found SLSS#SH.txt (text/plain) in CBT.V504.FILE161.PDS, moved to PDS/SLSS#SH
2023-04-02 22:18:04.697762 - Found SLSS#SP.txt (text/plain) in CBT.V504.FILE161.PDS, moved to PDS/SLSS#SP
2023-04-02 22:18:04.698787 - Found SLSS#SS.txt (text/plain) in CBT.V504.FILE161.PDS, moved to PDS/SLSS#SS
2023-04-02 22:18:04.699822 - Found SLSSPRT.txt (text/plain) in CBT.V504.FILE161.PDS, moved to PDS/SLSSPRT
2023-04-02 22:18:04.700774 - Found SLSSPRT$.txt (text/plain) in CBT.V504.FILE161.PDS, moved to PDS/SLSSPRT$
2023-04-02 22:18:04.701797 - Found SORT#C.txt (text/plain) in CBT.V504.FILE161.PDS, moved to PDS/SORT#C
2023-04-02 22:18:04.702890 - Found SORT#P.txt (text/plain) in CBT.V504.FILE161.PDS, moved to PDS/SORT#P
2023-04-02 22:18:04.704003 - Found SORT#S.txt (text/plain) in CBT.V504.FILE161.PDS, moved to PDS/SORT#S
2023-04-02 22:18:04.705018 - Found SORTLNK.txt (text/plain) in CBT.V504.FILE161.PDS, moved to PDS/SORTLNK
2023-04-02 22:18:04.705947 - Found SORTLNK$.jcl (text/plain) in CBT.V504.FILE161.PDS, moved to PDS/SORTLNK$
2023-04-02 22:18:04.706918 - Found TMS##PR.txt (text/plain) in CBT.V504.FILE161.PDS, moved to PDS/TMS##PR
2023-04-02 22:18:04.707936 - Found TMS#CMT.txt (text/plain) in CBT.V504.FILE161.PDS, moved to PDS/TMS#CMT
2023-04-02 22:18:04.709087 - Found TMS#CM1.txt (text/plain) in CBT.V504.FILE161.PDS, moved to PDS/TMS#CM1
2023-04-02 22:18:04.710099 - Found TMS#CM2.txt (text/plain) in CBT.V504.FILE161.PDS, moved to PDS/TMS#CM2
2023-04-02 22:18:04.711044 - Found TMS#CM3.txt (text/plain) in CBT.V504.FILE161.PDS, moved to PDS/TMS#CM3
2023-04-02 22:18:04.711946 - Found TMS#CM4.txt (text/plain) in CBT.V504.FILE161.PDS, moved to PDS/TMS#CM4
2023-04-02 22:18:04.712946 - Found TMS#PM.txt (text/plain) in CBT.V504.FILE161.PDS, moved to PDS/TMS#PM
2023-04-02 22:18:04.713970 - Found TMS#PM1.txt (text/plain) in CBT.V504.FILE161.PDS, moved to PDS/TMS#PM1
2023-04-02 22:18:04.715639 - Found TMS#PM2.txt (text/plain) in CBT.V504.FILE161.PDS, moved to PDS/TMS#PM2
2023-04-02 22:18:04.716781 - Found TMS#PM3.txt (text/plain) in CBT.V504.FILE161.PDS, moved to PDS/TMS#PM3
2023-04-02 22:18:04.717758 - Found TMS#PM4.txt (text/plain) in CBT.V504.FILE161.PDS, moved to PDS/TMS#PM4
2023-04-02 22:18:04.718888 - Found TMS#SM1.txt (text/plain) in CBT.V504.FILE161.PDS, moved to PDS/TMS#SM1
2023-04-02 22:18:04.719973 - Found TMS#SM2.txt (text/plain) in CBT.V504.FILE161.PDS, moved to PDS/TMS#SM2
2023-04-02 22:18:04.721276 - Found TMS#SM3.txt (text/plain) in CBT.V504.FILE161.PDS, moved to PDS/TMS#SM3
2023-04-02 22:18:04.722311 - Found TMS#SM4.txt (text/plain) in CBT.V504.FILE161.PDS, moved to PDS/TMS#SM4
2023-04-02 22:18:04.723301 - Found ULXDOC.txt (text/plain) in CBT.V504.FILE161.PDS, moved to PDS/ULXDOC
2023-04-02 22:18:04.724263 - Found ULXH02.txt (text/plain) in CBT.V504.FILE161.PDS, moved to PDS/ULXH02
2023-04-02 22:18:04.725160 - Found ULXJ01.jcl (text/plain) in CBT.V504.FILE161.PDS, moved to PDS/ULXJ01
2023-04-02 22:18:04.726111 - Found ULXL01.txt (text/plain) in CBT.V504.FILE161.PDS, moved to PDS/ULXL01
2023-04-02 22:18:04.727090 - Found ULXM01.txt (text/plain) in CBT.V504.FILE161.PDS, moved to PDS/ULXM01
2023-04-02 22:18:04.728015 - Found ULXP01.txt (text/plain) in CBT.V504.FILE161.PDS, moved to PDS/ULXP01
2023-04-02 22:18:04.728905 - Found ULXP02.txt (text/plain) in CBT.V504.FILE161.PDS, moved to PDS/ULXP02
2023-04-02 22:18:04.729847 - Found ULXP03.txt (text/plain) in CBT.V504.FILE161.PDS, moved to PDS/ULXP03
2023-04-02 22:18:04.730774 - Found USR#PT1.txt (text/plain) in CBT.V504.FILE161.PDS, moved to PDS/USR#PT1
2023-04-02 22:18:04.731784 - Found USR#PT2.txt (text/plain) in CBT.V504.FILE161.PDS, moved to PDS/USR#PT2
2023-04-02 22:18:04.732706 - Found USR#PT3.txt (text/plain) in CBT.V504.FILE161.PDS, moved to PDS/USR#PT3
2023-04-02 22:18:04.733971 - Found USR#PT4.txt (text/plain) in CBT.V504.FILE161.PDS, moved to PDS/USR#PT4
2023-04-02 22:18:04.735007 - Found USR#PT5.txt (text/plain) in CBT.V504.FILE161.PDS, moved to PDS/USR#PT5
2023-04-02 22:18:04.735986 - Found USRCMD.txt (text/plain) in CBT.V504.FILE161.PDS, moved to PDS/USRCMD
2023-04-02 22:18:04.737106 - Found VFORT#C.txt (text/plain) in CBT.V504.FILE161.PDS, moved to PDS/VFORT#C
2023-04-02 22:18:04.738039 - Found VFORT#P.txt (text/plain) in CBT.V504.FILE161.PDS, moved to PDS/VFORT#P
2023-04-02 22:18:04.739139 - Found XBE.txt (text/plain) in CBT.V504.FILE161.PDS, moved to PDS/XBE
2023-04-02 22:18:04.740158 - Found XBE$.jcl (text/plain) in CBT.V504.FILE161.PDS, moved to PDS/XBE$
2023-04-02 22:18:04.741393 - Found XBEDOC.txt (text/plain) in CBT.V504.FILE161.PDS, moved to PDS/XBEDOC
2023-04-02 22:18:04.742402 - Found ZAP#C.txt (text/plain) in CBT.V504.FILE161.PDS, moved to PDS/ZAP#C
2023-04-02 22:18:04.743455 - Found ZAP#P.txt (text/plain) in CBT.V504.FILE161.PDS, moved to PDS/ZAP#P
2023-04-02 22:18:04.744438 - Found ZAP#S.txt (text/plain) in CBT.V504.FILE161.PDS, moved to PDS/ZAP#S
